mlir_graph_gen.py: error: Array action L1/ff_variable: no allocation with exact shape (5,) exists in resolved MLIR function 'cfd_flux'.
Candidate allocations:
[
  {
    "operation": "memref.alloca",
    "function": "cfd_flux",
    "location": "loc(\"cfd_flux.cpp\":95:9)",
    "shape": [
      1
    ],
    "type": "memref<1xf32>",
    "access_source_lines": [
      25,
      95,
      114,
      115
    ]
  },
  {
    "operation": "memref.alloca",
    "function": "cfd_flux",
    "location": "loc(\"cfd_flux.cpp\":95:9)",
    "shape": [
      1
    ],
    "type": "memref<1xf32>",
    "access_source_lines": [
      20,
      95,
      113,
      114,
      133
    ]
  },
  {
    "operation": "memref.alloca",
    "function": "cfd_flux",
    "location": "loc(\"cfd_flux.cpp\":92:9)",
    "shape": [
      1,
      3
    ],
    "type": "memref<1x3xf32>",
    "access_source_lines": [
      8,
      9,
      10,
      108,
      109,
      110,
      112,
      136,
      137,
      138
    ]
  },
  {
    "operation": "memref.alloca",
    "function": "cfd_flux",
    "location": "loc(\"cfd_flux.cpp\":91:9)",
    "shape": [
      1
    ],
    "type": "memref<1xf32>",
    "access_source_lines": [
      20,
      91,
      111,
      114,
      135
    ]
  },
  {
    "operation": "memref.alloca",
    "function": "cfd_flux",
    "location": "loc(\"cfd_flux.cpp\":91:9)",
    "shape": [
      1
    ],
    "type": "memref<1xf32>",
    "access_source_lines": [
      8,
      9,
      10,
      20,
      25,
      91,
      107,
      112,
      114,
      115,
      134
    ]
  },
  {
    "operation": "memref.alloca",
    "function": "cfd_flux",
    "location": "loc(\"cfd_flux.cpp\":90:9)",
    "shape": [
      1,
      3
    ],
    "type": "memref<1x3xf32>",
    "access_source_lines": [
      8,
      9,
      10,
      15,
      112,
      113
    ]
  },
  {
    "operation": "memref.alloca",
    "function": "cfd_flux",
    "location": "loc(\"cfd_flux.cpp\":62:9)",
    "shape": [
      1
    ],
    "type": "memref<1xf32>",
    "access_source_lines": [
      25,
      62,
      63,
      163
    ]
  },
  {
    "operation": "memref.alloca",
    "function": "cfd_flux",
    "location": "loc(\"cfd_flux.cpp\":60:9)",
    "shape": [
      1
    ],
    "type": "memref<1xf32>",
    "access_source_lines": [
      20,
      60,
      62
    ]
  },
  {
    "operation": "memref.alloca",
    "function": "cfd_flux",
    "location": "loc(\"cfd_flux.cpp\":59:9)",
    "shape": [
      1,
      3
    ],
    "type": "memref<1x3xf32>",
    "access_source_lines": [
      8,
      9,
      10,
      15,
      59,
      60
    ]
  },
  {
    "operation": "memref.alloca",
    "function": "cfd_flux",
    "location": "loc(\"cfd_flux.cpp\":57:9)",
    "shape": [
      1
    ],
    "type": "memref<1xf32>",
    "access_source_lines": [
      20,
      57,
      62,
      135
    ]
  },
  {
    "operation": "memref.alloca",
    "function": "cfd_flux",
    "location": "loc(\"cfd_flux.cpp\":53:9)",
    "shape": [
      1,
      3
    ],
    "type": "memref<1x3xf32>",
    "access_source_lines": [
      8,
      9,
      10,
      54,
      55,
      56,
      59,
      136,
      137,
      138,
      170,
      177,
      184
    ]
  },
  {
    "operation": "memref.alloca",
    "function": "cfd_flux",
    "location": "loc(\"cfd_flux.cpp\":52:9)",
    "shape": [
      1
    ],
    "type": "memref<1xf32>",
    "access_source_lines": [
      8,
      9,
      10,
      20,
      25,
      52,
      59,
      62,
      63,
      134
    ]
  }
]
