mlir_graph_gen.py: error: cgeist failed while translating the kernel.
Command: /home/elvouvali/tools/Polygeist/build-mailohls-assertions/bin/cgeist kernel.cpp -function=krnl_KALMAN -S -O0 -print-debug-info -memref-fullrank -raise-scf-to-affine -o /tmp/mailohls_mlir_8_b4kaq3/kernel.hls.mlir
Diagnostics:
BinaryOperator 0x55ea18d9a3b0 'int' lvalue '='
|-MemberExpr 0x55ea18d996d8 'int' lvalue .raw_val 0x55ea18d941c0
| `-DeclRefExpr 0x55ea18d996b8 'raw_float':'raw_float' lvalue Var 0x55ea18d986a0 't' 'raw_float':'raw_float'
`-ImplicitCastExpr 0x55ea18d9a398 'int' <IntegralCast>
  `-ImplicitCastExpr 0x55ea18d9a380 'std::uint64_t':'unsigned long' <UserDefinedConversion>
    `-CXXMemberCallExpr 0x55ea18d9a258 'std::uint64_t':'unsigned long'
      `-MemberExpr 0x55ea18d9a228 '<bound member function type>' .operator unsigned long 0x55ea18d99fd0
        `-ImplicitCastExpr 0x55ea18d9a210 'const struct ap_uint<256>::range_proxy' lvalue <NoOp>
          `-MaterializeTemporaryExpr 0x55ea18d9a1f8 'range_proxy':'struct ap_uint<256>::range_proxy' lvalue
            `-CXXMemberCallExpr 0x55ea18d99ab0 'range_proxy':'struct ap_uint<256>::range_proxy'
              |-MemberExpr 0x55ea18d99a80 '<bound member function type>' .range 0x55ea18d968e8
              | `-DeclRefExpr 0x55ea18d99708 'INTERFACE_WIDTH':'struct ap_uint<256>' lvalue Var 0x55ea18d95ff8 'temp' 'INTERFACE_WIDTH':'struct ap_uint<256>'
              |-ImplicitCastExpr 0x55ea18d9a0b0 'int' <IntegralCast>
              | `-BinaryOperator 0x55ea18d99940 'unsigned long' '-'
              |   |-BinaryOperator 0x55ea18d998e8 'unsigned long' '*'
              |   | |-ImplicitCastExpr 0x55ea18d998d0 'unsigned long' <IntegralCast>
              |   | | `-ParenExpr 0x55ea18d99800 'int'
              |   | |   `-BinaryOperator 0x55ea18d997e0 'int' '+'
              |   | |     |-ImplicitCastExpr 0x55ea18d997c8 'int' <LValueToRValue>
              |   | |     | `-DeclRefExpr 0x55ea18d99788 'int' lvalue Var 0x55ea18d983c0 'j' 'int'
              |   | |     `-IntegerLiteral 0x55ea18d997a8 'int' 1
              |   | `-ParenExpr 0x55ea18d998b0 'unsigned long'
              |   |   `-BinaryOperator 0x55ea18d99890 'unsigned long' '*'
              |   |     |-UnaryExprOrTypeTraitExpr 0x55ea18d99838 'unsigned long' sizeof 'float'
              |   |     `-ImplicitCastExpr 0x55ea18d99878 'unsigned long' <IntegralCast>
              |   |       `-IntegerLiteral 0x55ea18d99858 'int' 8
              |   `-ImplicitCastExpr 0x55ea18d99928 'unsigned long' <IntegralCast>
              |     `-IntegerLiteral 0x55ea18d99908 'int' 1
              `-ImplicitCastExpr 0x55ea18d9a0c8 'int' <IntegralCast>
                `-BinaryOperator 0x55ea18d99a60 'unsigned long' '*'
                  |-ImplicitCastExpr 0x55ea18d99a48 'unsigned long' <IntegralCast>
                  | `-ImplicitCastExpr 0x55ea18d99a30 'int' <LValueToRValue>
                  |   `-DeclRefExpr 0x55ea18d99960 'int' lvalue Var 0x55ea18d983c0 'j' 'int'
                  `-ParenExpr 0x55ea18d99a10 'unsigned long'
                    `-BinaryOperator 0x55ea18d999f0 'unsigned long' '*'
                      |-UnaryExprOrTypeTraitExpr 0x55ea18d99998 'unsigned long' sizeof 'float'
                      `-ImplicitCastExpr 0x55ea18d999d8 'unsigned long' <IntegralCast>
                        `-IntegerLiteral 0x55ea18d999b8 'int' 8
cleanup not handled
CXXOperatorCallExpr 0x55ea18d9f930 'range_proxy':'struct ap_uint<256>::range_proxy' lvalue '='
|-ImplicitCastExpr 0x55ea18d9f918 'range_proxy &(*)(std::uint64_t)' <FunctionToPointerDecay>
| `-DeclRefExpr 0x55ea18d9f8a0 'range_proxy &(std::uint64_t)' lvalue CXXMethod 0x55ea18d99f10 'operator=' 'range_proxy &(std::uint64_t)'
|-MaterializeTemporaryExpr 0x55ea18d9f888 'range_proxy':'struct ap_uint<256>::range_proxy' lvalue
| `-CXXMemberCallExpr 0x55ea18d9efe8 'range_proxy':'struct ap_uint<256>::range_proxy'
|   |-MemberExpr 0x55ea18d9efb8 '<bound member function type>' .range 0x55ea18d968e8
|   | `-DeclRefExpr 0x55ea18d9ec40 'INTERFACE_WIDTH':'struct ap_uint<256>' lvalue Var 0x55ea18d95ff8 'temp' 'INTERFACE_WIDTH':'struct ap_uint<256>'
|   |-ImplicitCastExpr 0x55ea18d9f018 'int' <IntegralCast>
|   | `-BinaryOperator 0x55ea18d9ee78 'unsigned long' '-'
|   |   |-BinaryOperator 0x55ea18d9ee20 'unsigned long' '*'
|   |   | |-ImplicitCastExpr 0x55ea18d9ee08 'unsigned long' <IntegralCast>
|   |   | | `-ParenExpr 0x55ea18d9ed38 'int'
|   |   | |   `-BinaryOperator 0x55ea18d9ed18 'int' '+'
|   |   | |     |-ImplicitCastExpr 0x55ea18d9ed00 'int' <LValueToRValue>
|   |   | |     | `-DeclRefExpr 0x55ea18d9ecc0 'int' lvalue Var 0x55ea18d9e7c0 'j' 'int'
|   |   | |     `-IntegerLiteral 0x55ea18d9ece0 'int' 1
|   |   | `-ParenExpr 0x55ea18d9ede8 'unsigned long'
|   |   |   `-BinaryOperator 0x55ea18d9edc8 'unsigned long' '*'
|   |   |     |-UnaryExprOrTypeTraitExpr 0x55ea18d9ed70 'unsigned long' sizeof 'float'
|   |   |     `-ImplicitCastExpr 0x55ea18d9edb0 'unsigned long' <IntegralCast>
|   |   |       `-IntegerLiteral 0x55ea18d9ed90 'int' 8
|   |   `-ImplicitCastExpr 0x55ea18d9ee60 'unsigned long' <IntegralCast>
|   |     `-IntegerLiteral 0x55ea18d9ee40 'int' 1
|   `-ImplicitCastExpr 0x55ea18d9f030 'int' <IntegralCast>
|     `-BinaryOperator 0x55ea18d9ef98 'unsigned long' '*'
|       |-ImplicitCastExpr 0x55ea18d9ef80 'unsigned long' <IntegralCast>
|       | `-ImplicitCastExpr 0x55ea18d9ef68 'int' <LValueToRValue>
|       |   `-DeclRefExpr 0x55ea18d9ee98 'int' lvalue Var 0x55ea18d9e7c0 'j' 'int'
|       `-ParenExpr 0x55ea18d9ef48 'unsigned long'
|         `-BinaryOperator 0x55ea18d9ef28 'unsigned long' '*'
|           |-UnaryExprOrTypeTraitExpr 0x55ea18d9eed0 'unsigned long' sizeof 'float'
|           `-ImplicitCastExpr 0x55ea18d9ef10 'unsigned long' <IntegralCast>
|             `-IntegerLiteral 0x55ea18d9eef0 'int' 8
`-ImplicitCastExpr 0x55ea18d9f870 'std::uint64_t':'unsigned long' <IntegralCast>
  `-ImplicitCastExpr 0x55ea18d9f858 'int' <LValueToRValue>
    `-MemberExpr 0x55ea18d9f068 'int' lvalue .raw_val 0x55ea18d941c0
      `-DeclRefExpr 0x55ea18d9f048 'raw_float':'raw_float' lvalue Var 0x55ea18d9ea40 't' 'raw_float':'raw_float'
cleanup not handled
cgeist: /home/elvouvali/tools/Polygeist/llvm-project/mlir/lib/IR/PatternMatch.cpp:326: mlir::RewriterBase::eraseOp(mlir::Operation*)::<lambda(mlir::Operation*)>: Assertion `mayBeGraphRegion(*op->getParentRegion()) && "expected that op has no uses"' failed.
PLEASE submit a bug report to https://github.com/llvm/llvm-project/issues/ and include the crash backtrace.
Stack dump:
0.	Program arguments: /home/elvouvali/tools/Polygeist/build-mailohls-assertions/bin/cgeist kernel.cpp -function=krnl_KALMAN -S -O0 -print-debug-info -memref-fullrank -raise-scf-to-affine -o /tmp/mailohls_mlir_8_b4kaq3/kernel.hls.mlir
 #0 0x000055e9fa27142f llvm::sys::PrintStackTrace(llvm::raw_ostream&, int) (/home/elvouvali/tools/Polygeist/build-mailohls-assertions/bin/cgeist+0x1bc642f)
 #1 0x000055e9fa26eab4 SignalHandler(int) Signals.cpp:0:0
 #2 0x00007fd322a0e420 __restore_rt (/lib/x86_64-linux-gnu/libpthread.so.0+0x14420)
 #3 0x00007fd3224ab00b raise /build/glibc-FcRMwW/glibc-2.31/signal/../sysdeps/unix/sysv/linux/raise.c:51:1
 #4 0x00007fd32248a859 abort /build/glibc-FcRMwW/glibc-2.31/stdlib/abort.c:81:7
 #5 0x00007fd32248a729 get_sysdep_segment_value /build/glibc-FcRMwW/glibc-2.31/intl/loadmsgcat.c:509:8
 #6 0x00007fd32248a729 _nl_load_domain /build/glibc-FcRMwW/glibc-2.31/intl/loadmsgcat.c:970:34
 #7 0x00007fd32249bfd6 (/lib/x86_64-linux-gnu/libc.so.6+0x33fd6)
 #8 0x000055e9fa6e792e mlir::RewriterBase::eraseOp(mlir::Operation*)::'lambda0'(mlir::Operation*)::operator()(mlir::Operation*) const (.isra.0) PatternMatch.cpp:0:0
 #9 0x000055e9fa6e7126 mlir::RewriterBase::eraseOp(mlir::Operation*)::'lambda0'(mlir::Operation*)::operator()(mlir::Operation*) const (.isra.0) PatternMatch.cpp:0:0
#10 0x000055e9fa6e7c06 mlir::RewriterBase::eraseOp(mlir::Operation*) (/home/elvouvali/tools/Polygeist/build-mailohls-assertions/bin/cgeist+0x203cc06)
#11 0x000055e9fa6e4ee3 mlir::RewriterBase::replaceOp(mlir::Operation*, mlir::ValueRange) (/home/elvouvali/tools/Polygeist/build-mailohls-assertions/bin/cgeist+0x2039ee3)
#12 0x000055e9fa4dd9c6 MoveWhileToFor::matchAndRewrite(mlir::scf::WhileOp, mlir::PatternRewriter&) const (/home/elvouvali/tools/Polygeist/build-mailohls-assertions/bin/cgeist+0x1e329c6)
#13 0x000055e9fa4c8638 mlir::detail::OpOrInterfaceRewritePatternBase<mlir::scf::WhileOp>::matchAndRewrite(mlir::Operation*, mlir::PatternRewriter&) const (/home/elvouvali/tools/Polygeist/build-mailohls-assertions/bin/cgeist+0x1e1d638)
#14 0x000055e9fdea2588 mlir::PatternApplicator::matchAndRewrite(mlir::Operation*, mlir::PatternRewriter&, llvm::function_ref<bool (mlir::Pattern const&)>, llvm::function_ref<void (mlir::Pattern const&)>, llvm::function_ref<mlir::LogicalResult (mlir::Pattern const&)>) (/home/elvouvali/tools/Polygeist/build-mailohls-assertions/bin/cgeist+0x57f7588)
#15 0x000055e9fad3ecfc (anonymous namespace)::GreedyPatternRewriteDriver::processWorklist() GreedyPatternRewriteDriver.cpp:0:0
#16 0x000055e9fad4381b mlir::applyPatternsAndFoldGreedily(mlir::Region&, mlir::FrozenRewritePatternSet const&, mlir::GreedyRewriteConfig, bool*) (/home/elvouvali/tools/Polygeist/build-mailohls-assertions/bin/cgeist+0x269881b)
#17 0x000055e9fa4daa2a (anonymous namespace)::CanonicalizeFor::runOnOperation() CanonicalizeFor.cpp:0:0
#18 0x000055e9fad06f7e mlir::detail::OpToOpPassAdaptor::run(mlir::Pass*, mlir::Operation*, mlir::AnalysisManager, bool, unsigned int) (/home/elvouvali/tools/Polygeist/build-mailohls-assertions/bin/cgeist+0x265bf7e)
#19 0x000055e9fad0745a mlir::detail::OpToOpPassAdaptor::runPipeline(mlir::OpPassManager&, mlir::Operation*, mlir::AnalysisManager, bool, unsigned int, mlir::PassInstrumentor*, mlir::PassInstrumentation::PipelineParentInfo const*) (/home/elvouvali/tools/Polygeist/build-mailohls-assertions/bin/cgeist+0x265c45a)
#20 0x000055e9fad0828b mlir::detail::OpToOpPassAdaptor::runOnOperationImpl(bool) (/home/elvouvali/tools/Polygeist/build-mailohls-assertions/bin/cgeist+0x265d28b)
#21 0x000055e9fad06d1a mlir::detail::OpToOpPassAdaptor::run(mlir::Pass*, mlir::Operation*, mlir::AnalysisManager, bool, unsigned int) (/home/elvouvali/tools/Polygeist/build-mailohls-assertions/bin/cgeist+0x265bd1a)
#22 0x000055e9fad0745a mlir::detail::OpToOpPassAdaptor::runPipeline(mlir::OpPassManager&, mlir::Operation*, mlir::AnalysisManager, bool, unsigned int, mlir::PassInstrumentor*, mlir::PassInstrumentation::PipelineParentInfo const*) (/home/elvouvali/tools/Polygeist/build-mailohls-assertions/bin/cgeist+0x265c45a)
#23 0x000055e9fad07c84 mlir::PassManager::run(mlir::Operation*) (/home/elvouvali/tools/Polygeist/build-mailohls-assertions/bin/cgeist+0x265cc84)
#24 0x000055e9f8e7a1dc main (/home/elvouvali/tools/Polygeist/build-mailohls-assertions/bin/cgeist+0x7cf1dc)
#25 0x00007fd32248c083 __libc_start_main /build/glibc-FcRMwW/glibc-2.31/csu/../csu/libc-start.c:342:3
#26 0x000055e9f8f2829e _start (/home/elvouvali/tools/Polygeist/build-mailohls-assertions/bin/cgeist+0x87d29e)
